{
  "RSpec": {
    "coverage": {
      "/home/jeff/Documents/log-parser/spec/lib/parser_spec.rb": {
        "lines": [
          1,
          null,
          1,
          1,
          1,
          1,
          1,
          null,
          null,
          1,
          2,
          null,
          null,
          1,
          1,
          1,
          null,
          null,
          null
        ]
      },
      "/home/jeff/Documents/log-parser/lib/parser.rb": {
        "lines": [
          1,
          null,
          1,
          1,
          3,
          3,
          null,
          null,
          1,
          1,
          1,
          1,
          1,
          null,
          null,
          1,
          1,
          1,
          null,
          1,
          null,
          1,
          1,
          null,
          1,
          7,
          7,
          null,
          1,
          null,
          null
        ]
      }
    },
    "timestamp": 1643055963
  }
}
